<?xml version="1.0" encoding="UTF-8"?>
<!-- Generated by org.testng.reporters.JUnitReportReporter -->
<testsuite hostname="LAPTOP-5KMFOFH9" failures="0" tests="1" name="test.GoogleTest" time="4.771" errors="0" timestamp="2022-11-28T18:48:43 IST" skipped="0">
  <testcase classname="test.GoogleTest" name="google" time="4.771"/>
  <system-out/>
</testsuite> <!-- test.GoogleTest -->
